<?xml version="1.0" encoding="UTF-8"?>
<!-- Generated by org.testng.reporters.JUnitReportReporter -->
<testsuite hostname="Satna" failures="0" tests="1" name="simpleAnnotations.ColorSlider_Annotation" time="43.125" errors="0" timestamp="2023-08-30T12:46:33 IST" skipped="0">
  <testcase classname="simpleAnnotations.ColorSlider_Annotation" name="colour" time="43.125"/>
</testsuite> <!-- simpleAnnotations.ColorSlider_Annotation -->
