<?xml version="1.0" encoding="UTF-8"?>
<!-- Generated by org.testng.reporters.JUnitReportReporter -->
<testsuite hostname="Satna" failures="0" tests="3" name="simpleAnnotations.Dependson" time="0.033" errors="0" timestamp="2023-08-31T19:09:05 IST" skipped="0">
  <testcase classname="simpleAnnotations.Dependson" name="M1" time="0.012"/>
  <testcase classname="simpleAnnotations.Dependson" name="M3" time="0.005"/>
  <testcase classname="simpleAnnotations.Dependson" name="M2" time="0.016"/>
</testsuite> <!-- simpleAnnotations.Dependson -->
