<?xml version="1.0" encoding="UTF-8"?>
<!-- Generated by org.testng.reporters.JUnitReportReporter -->
<testsuite hostname="Satna" failures="0" tests="1" name="simpleAnnotations.groups" time="0.016" errors="0" timestamp="2023-08-31T19:39:47 IST" skipped="0">
  <testcase classname="simpleAnnotations.groups" name="M1" time="0.016"/>
</testsuite> <!-- simpleAnnotations.groups -->
