<?xml version="1.0" encoding="UTF-8"?>
<!-- Generated by org.testng.reporters.JUnitReportReporter -->
<testsuite hostname="Satna" failures="0" tests="1" name="simpleAnnotations.Dropdown_Annotation" time="38.046" errors="0" timestamp="2023-08-30T12:46:33 IST" skipped="0">
  <testcase classname="simpleAnnotations.Dropdown_Annotation" name="drop" time="38.046"/>
</testsuite> <!-- simpleAnnotations.Dropdown_Annotation -->
