<?xml version="1.0" encoding="UTF-8"?>
<!-- Generated by org.testng.reporters.JUnitReportReporter -->
<testsuite hostname="Satna" failures="0" tests="1" name="simpleAnnotations.Annotation" time="1.160" errors="0" timestamp="2023-08-30T12:16:41 IST" skipped="0">
  <testcase classname="simpleAnnotations.Annotation" name="login" time="1.160"/>
</testsuite> <!-- simpleAnnotations.Annotation -->
