<?xml version="1.0" encoding="UTF-8"?>
<!-- Generated by org.testng.reporters.JUnitReportReporter -->
<testsuite hostname="Satna" failures="0" tests="3" name="simpleAnnotations.Annotations_Use" time="0.060" errors="0" timestamp="2023-08-30T12:16:41 IST" skipped="0">
  <testcase classname="simpleAnnotations.Annotations_Use" name="M3" time="0.008"/>
  <testcase classname="simpleAnnotations.Annotations_Use" name="M2" time="0.020"/>
  <testcase classname="simpleAnnotations.Annotations_Use" name="M1" time="0.032"/>
</testsuite> <!-- simpleAnnotations.Annotations_Use -->
