<?xml version="1.0" encoding="UTF-8"?>
<!-- Generated by org.testng.reporters.JUnitReportReporter -->
<testsuite hostname="Satna" failures="0" tests="3" name="simpleAnnotations.AttributePriority" time="0.082" errors="0" timestamp="2023-08-31T18:00:58 IST" skipped="0">
  <testcase classname="simpleAnnotations.AttributePriority" name="M3" time="0.070"/>
  <testcase classname="simpleAnnotations.AttributePriority" name="M1" time="0.008"/>
  <testcase classname="simpleAnnotations.AttributePriority" name="M2" time="0.004"/>
</testsuite> <!-- simpleAnnotations.AttributePriority -->
