<?xml version="1.0" encoding="UTF-8"?>
<!-- Generated by org.testng.reporters.JUnitReportReporter -->
<testsuite hostname="Satna" failures="0" tests="3" name="simpleAnnotations.AttributePriorityNumber" time="0.034" errors="0" timestamp="2023-08-31T19:32:28 IST" skipped="0">
  <testcase classname="simpleAnnotations.AttributePriorityNumber" name="M1" time="0.019"/>
  <testcase classname="simpleAnnotations.AttributePriorityNumber" name="M3" time="0.010"/>
  <testcase classname="simpleAnnotations.AttributePriorityNumber" name="M2" time="0.005"/>
</testsuite> <!-- simpleAnnotations.AttributePriorityNumber -->
